s.jabban@AZLT330 MINGW64 /c/tt/AladdinApp
$ ./start.sh
ðŸ§žâ€â™‚ï¸ Starting Aladdin GRC System...
==================================
ðŸ“¦ Setting up Python environment...
./start.sh: line 10: python3: command not found
âš ï¸  Running without virtual environment
ðŸ“‹ Installing dependencies...
Defaulting to user installation because normal site-packages is not writeable
Requirement already satisfied: Flask==2.3.3 in c:\users\s.jabban\appdata\roaming\python\python313\site-packages (from -r requirements.txt (line 2)) (2.3.3)
Requirement already satisfied: Flask-SQLAlchemy==3.1.1 in c:\users\s.jabban\appdata\roaming\python\python313\site-packages (from -r requirements.txt (line 3)) (3.1.1)
Requirement already satisfied: Flask-Login==0.6.3 in c:\users\s.jabban\appdata\roaming\python\python313\site-packages (from -r requirements.txt (line 4)) (0.6.3)
Requirement already satisfied: Werkzeug==2.3.7 in c:\users\s.jabban\appdata\roaming\python\python313\site-packages (from -r requirements.txt (line 5)) (2.3.7)
Requirement already satisfied: Jinja2==3.1.2 in c:\users\s.jabban\appdata\roaming\python\python313\site-packages (from -r requirements.txt (line 6)) (3.1.2)
Requirement already satisfied: MarkupSafe==2.1.3 in c:\users\s.jabban\appdata\roaming\python\python313\site-packages (from -r requirements.txt (line 7)) (2.1.3)
Requirement already satisfied: SQLAlchemy==2.0.23 in c:\users\s.jabban\appdata\roaming\python\python313\site-packages (from -r requirements.txt (line 8)) (2.0.23)
Requirement already satisfied: click==8.1.7 in c:\users\s.jabban\appdata\roaming\python\python313\site-packages (from -r requirements.txt (line 9)) (8.1.7)
Requirement already satisfied: itsdangerous==2.1.2 in c:\users\s.jabban\appdata\roaming\python\python313\site-packages (from -r requirements.txt (line 10)) (2.1.2)
Requirement already satisfied: blinker==1.7.0 in c:\users\s.jabban\appdata\roaming\python\python313\site-packages (from -r requirements.txt (line 11)) (1.7.0)
Requirement already satisfied: typing-extensions>=4.2.0 in c:\program files\python313\lib\site-packages (from SQLAlchemy==2.0.23->-r requirements.txt (line 8)) (4.14.0)
Requirement already satisfied: greenlet!=0.4.17 in c:\program files\python313\lib\site-packages (from SQLAlchemy==2.0.23->-r requirements.txt (line 8)) (3.2.3)
Requirement already satisfied: colorama in c:\program files\python313\lib\site-packages (from click==8.1.7->-r requirements.txt (line 9)) (0.4.6)
ðŸš€ Launching Aladdin GRC...
Traceback (most recent call last):
  File "C:\tt\AladdinApp\main.py", line 8, in <module>
    from app import create_app
  File "C:\tt\AladdinApp\app.py", line 2, in <module>
    from flask_sqlalchemy import SQLAlchemy
  File "C:\Users\s.jabban\AppData\Roaming\Python\Python313\site-packages\flask_sqlalchemy\__init__.py", line 5, in <module>
    from .extension import SQLAlchemy
  File "C:\Users\s.jabban\AppData\Roaming\Python\Python313\site-packages\flask_sqlalchemy\extension.py", line 9, in <module>
    import sqlalchemy as sa
  File "C:\Users\s.jabban\AppData\Roaming\Python\Python313\site-packages\sqlalchemy\__init__.py", line 13, in <module>
    from .engine import AdaptedConnection as AdaptedConnection
  File "C:\Users\s.jabban\AppData\Roaming\Python\Python313\site-packages\sqlalchemy\engine\__init__.py", line 18, in <module>
    from . import events as events
  File "C:\Users\s.jabban\AppData\Roaming\Python\Python313\site-packages\sqlalchemy\engine\events.py", line 19, in <module>
    from .base import Connection
  File "C:\Users\s.jabban\AppData\Roaming\Python\Python313\site-packages\sqlalchemy\engine\base.py", line 30, in <module>
    from .interfaces import BindTyping
  File "C:\Users\s.jabban\AppData\Roaming\Python\Python313\site-packages\sqlalchemy\engine\interfaces.py", line 38, in <module>
    from ..sql.compiler import Compiled as Compiled
  File "C:\Users\s.jabban\AppData\Roaming\Python\Python313\site-packages\sqlalchemy\sql\__init__.py", line 14, in <module>
    from .compiler import COLLECT_CARTESIAN_PRODUCTS as COLLECT_CARTESIAN_PRODUCTS
  File "C:\Users\s.jabban\AppData\Roaming\Python\Python313\site-packages\sqlalchemy\sql\compiler.py", line 61, in <module>
    from . import crud
  File "C:\Users\s.jabban\AppData\Roaming\Python\Python313\site-packages\sqlalchemy\sql\crud.py", line 34, in <module>
    from . import dml
  File "C:\Users\s.jabban\AppData\Roaming\Python\Python313\site-packages\sqlalchemy\sql\dml.py", line 34, in <module>
    from . import util as sql_util
  File "C:\Users\s.jabban\AppData\Roaming\Python\Python313\site-packages\sqlalchemy\sql\util.py", line 46, in <module>
    from .ddl import sort_tables as sort_tables  # noqa: F401
    ^^^^^^^^^^^^^^^^^^^^^^^^^^^^^^^^^^^^^^^^^^^
  File "C:\Users\s.jabban\AppData\Roaming\Python\Python313\site-packages\sqlalchemy\sql\ddl.py", line 30, in <module>
    from .elements import ClauseElement
  File "C:\Users\s.jabban\AppData\Roaming\Python\Python313\site-packages\sqlalchemy\sql\elements.py", line 808, in <module>
    class SQLCoreOperations(Generic[_T_co], ColumnOperators, TypingOnly):
    ...<472 lines>...
                ...
  File "C:\Program Files\Python313\Lib\typing.py", line 1257, in _generic_init_subclass
    super(Generic, cls).__init_subclass__(*args, **kwargs)
    ~~~~~~~~~~~~~~~~~~~~~~~~~~~~~~~~~~~~~^^^^^^^^^^^^^^^^^
  File "C:\Users\s.jabban\AppData\Roaming\Python\Python313\site-packages\sqlalchemy\util\langhelpers.py", line 1988, in __init_subclass__
    raise AssertionError(
    ...<2 lines>...
    )
AssertionError: Class <class 'sqlalchemy.sql.elements.SQLCoreOperations'> directly inherits TypingOnly but has additional attributes {'__firstlineno__', '__static_attributes__'}.

s.jabban@AZLT330 MINGW64 /c/tt/AladdinAp